<?xml version="1.0" encoding="UTF-8"?>
<!-- Generated by org.testng.reporters.JUnitReportReporter -->
<testsuite hostname="DESKTOP-D5OBL1K" failures="0" tests="1" name="sdet.training.UserRegistrationTest" time="24.259" errors="0" timestamp="2022-07-18T01:42:37 IST" skipped="0">
  <testcase classname="sdet.training.UserRegistrationTest" name="UserRegistration" time="24.259"/>
  <system-out/>
</testsuite> <!-- sdet.training.UserRegistrationTest -->
