<?xml version="1.0" encoding="UTF-8"?>
<!-- Generated by org.testng.reporters.JUnitReportReporter -->
<testsuite hostname="DESKTOP-D5OBL1K" failures="0" tests="3" name="runner.TestRunner" time="2.883" errors="0" timestamp="03 Aug 2022 09:37:18 GMT" skipped="0">
  <testcase classname="runner.TestRunner" name="runScenario" time="1.945"/>
  <testcase classname="runner.TestRunner" name="runScenario" time="0.442"/>
  <testcase classname="runner.TestRunner" name="runScenario" time="0.496"/>
</testsuite> <!-- runner.TestRunner -->
